Sun 12 Nov 2017 11:11:23 AM EST:["s:on_text_document_did_save()",6]
Sun 12 Nov 2017 11:11:24 AM EST:["s:on_text_document_did_close()",6]
Sun 12 Nov 2017 11:11:24 AM EST:["s:on_text_document_did_open()",2,"vim","/home/alex/dev/web/flow","file:///home/alex/dotfiles/.vim/keys.vim"]
Sun 12 Nov 2017 11:15:46 AM EST:["s:on_text_document_did_change()",2]
Sun 12 Nov 2017 11:15:46 AM EST:["s:on_text_document_did_save()",2]
Sun 12 Nov 2017 11:16:32 AM EST:["s:on_text_document_did_save()",2]
Sun 12 Nov 2017 11:17:04 AM EST:["s:on_text_document_did_close()",2]
Sun 12 Nov 2017 11:17:06 AM EST:["lsp#register_server","server registered","typescript-language-server"]
Sun 12 Nov 2017 11:17:06 AM EST:["s:on_text_document_did_open()",1,"","/home/alex/dev/web/flow","file:///home/alex/dev/web/flow/package"]
Sun 12 Nov 2017 11:17:08 AM EST:["s:on_text_document_did_close()",1]
Sun 12 Nov 2017 11:17:10 AM EST:["lsp#register_server","server registered","typescript-language-server"]
Sun 12 Nov 2017 11:17:10 AM EST:["s:on_text_document_did_open()",1,"json","/home/alex/dev/web/flow","file:///home/alex/dev/web/flow/package.json"]
Sun 12 Nov 2017 11:17:17 AM EST:["s:on_text_document_did_open()",2,"vim","/home/alex/dev/web/flow","file:///home/alex/.vimrc"]
Sun 12 Nov 2017 11:17:21 AM EST:["s:on_text_document_did_close()",2]
Sun 12 Nov 2017 11:17:51 AM EST:["s:on_text_document_did_close()",2]
Sun 12 Nov 2017 11:17:51 AM EST:["s:on_text_document_did_open()",4,"vim","/home/alex/dev/web/flow","file:///home/alex/dotfiles/.vim/lang.vim"]
Sun 12 Nov 2017 11:17:57 AM EST:["s:on_text_document_did_close()",4]
Sun 12 Nov 2017 11:17:57 AM EST:["s:on_text_document_did_open()",5,"vim","/home/alex/dev/web/flow","file:///home/alex/dotfiles/.vim/keys.vim"]
Sun 12 Nov 2017 11:18:26 AM EST:["s:on_text_document_did_save()",5]
Sun 12 Nov 2017 11:18:34 AM EST:["s:on_text_document_did_close()",5]
Sun 12 Nov 2017 11:18:35 AM EST:["lsp#register_server","server registered","typescript-language-server"]
Sun 12 Nov 2017 11:18:35 AM EST:["s:on_text_document_did_open()",1,"json","/home/alex/dev/web/flow","file:///home/alex/dev/web/flow/package.json"]
Sun 12 Nov 2017 11:18:37 AM EST:["s:on_text_document_did_change()",1]
Sun 12 Nov 2017 11:18:38 AM EST:["s:on_text_document_did_change()",1]
Sun 12 Nov 2017 02:28:26 PM EST:["s:on_text_document_did_close()",1]
Sun 12 Nov 2017 02:28:26 PM EST:["s:on_text_document_did_open()",2,"vim","/home/alex/dev/web/flow","file:///home/alex/dotfiles/.vim/plugins.vim"]
Sun 12 Nov 2017 02:28:51 PM EST:["s:on_text_document_did_change()",2]
Sun 12 Nov 2017 02:29:14 PM EST:["s:on_text_document_did_change()",2]
Sun 12 Nov 2017 02:29:19 PM EST:["s:on_text_document_did_save()",2]
Sun 12 Nov 2017 02:29:28 PM EST:["s:on_text_document_did_save()",2]
Sun 12 Nov 2017 02:29:43 PM EST:["s:on_text_document_did_save()",2]
Sun 12 Nov 2017 02:29:48 PM EST:["s:on_text_document_did_open()",3,"vim","/home/alex/dev/web/flow","file:///home/alex/.vimrc"]
Sun 12 Nov 2017 02:29:59 PM EST:["s:on_text_document_did_change()",3]
Sun 12 Nov 2017 02:30:03 PM EST:["s:on_text_document_did_change()",3]
Sun 12 Nov 2017 02:30:36 PM EST:["s:on_text_document_did_change()",3]
Sun 12 Nov 2017 02:30:36 PM EST:["s:on_text_document_did_save()",3]
Sun 12 Nov 2017 02:30:45 PM EST:["s:on_text_document_did_open()",4,"","/home/alex/dev/web/flow","file:///usr/share/vim/vim80/doc/options.txt"]
Sun 12 Nov 2017 02:30:54 PM EST:["s:on_text_document_did_close()",4]
Sun 12 Nov 2017 02:30:54 PM EST:["s:on_text_document_did_close()",4]
Mon 13 Nov 2017 06:26:22 PM EST:["lsp#register_server","server registered","typescript-language-server"]
Mon 13 Nov 2017 06:26:22 PM EST:["s:on_text_document_did_open()",1,"","/home/alex/dev/web/spa","file:///home/alex/dev/web/spa/package"]
Mon 13 Nov 2017 06:26:25 PM EST:["s:on_text_document_did_close()",1]
Mon 13 Nov 2017 06:26:30 PM EST:["lsp#register_server","server registered","typescript-language-server"]
Mon 13 Nov 2017 06:26:30 PM EST:["s:on_text_document_did_open()",1,"json","/home/alex/dev/web/spa","file:///home/alex/dev/web/spa/package.json"]
Mon 13 Nov 2017 06:26:44 PM EST:["s:on_text_document_did_change()",1]
Mon 13 Nov 2017 06:26:44 PM EST:["s:on_text_document_did_save()",1]
Mon 13 Nov 2017 06:27:31 PM EST:["s:on_text_document_did_close()",1]
Mon 13 Nov 2017 06:28:01 PM EST:["s:on_text_document_did_change()",2]
Mon 13 Nov 2017 06:28:09 PM EST:["s:on_text_document_did_change()",2]
Mon 13 Nov 2017 06:28:13 PM EST:["s:on_text_document_did_change()",2]
Mon 13 Nov 2017 06:28:24 PM EST:["s:on_text_document_did_change()",2]
Mon 13 Nov 2017 06:28:49 PM EST:["s:on_text_document_did_save()",2]
Mon 13 Nov 2017 06:30:11 PM EST:["s:on_text_document_did_open()",2,"html","/home/alex/dev/web/spa","file:///home/alex/dev/web/spa/index.html"]
Mon 13 Nov 2017 06:30:19 PM EST:["s:on_text_document_did_close()",2]
Mon 13 Nov 2017 06:30:22 PM EST:["s:on_text_document_did_close()",3]
Mon 13 Nov 2017 06:30:22 PM EST:["s:on_text_document_did_open()",1,"json","/home/alex/dev/web/spa","file:///home/alex/dev/web/spa/package.json"]
Mon 13 Nov 2017 06:30:22 PM EST:["s:on_text_document_did_close()",1]
Mon 13 Nov 2017 06:30:22 PM EST:["s:on_text_document_did_open()",2,"html","/home/alex/dev/web/spa","file:///home/alex/dev/web/spa/index.html"]
Mon 13 Nov 2017 06:30:35 PM EST:["s:on_text_document_did_change()",2]
Mon 13 Nov 2017 06:30:35 PM EST:["s:on_text_document_did_save()",2]
Mon 13 Nov 2017 06:30:39 PM EST:["s:on_text_document_did_close()",2]
Mon 13 Nov 2017 06:30:39 PM EST:["s:on_text_document_did_open()",1,"json","/home/alex/dev/web/spa","file:///home/alex/dev/web/spa/package.json"]
Mon 13 Nov 2017 06:30:39 PM EST:["s:on_text_document_did_close()",1]
Mon 13 Nov 2017 06:30:39 PM EST:["s:on_text_document_did_open()",2,"html","/home/alex/dev/web/spa","file:///home/alex/dev/web/spa/index.html"]
Mon 13 Nov 2017 06:30:40 PM EST:["s:on_text_document_did_close()",2]
Mon 13 Nov 2017 06:30:46 PM EST:["s:on_text_document_did_change()",3]
Mon 13 Nov 2017 06:30:47 PM EST:["s:on_text_document_did_change()",3]
Mon 13 Nov 2017 06:31:00 PM EST:["s:on_text_document_did_change()",3]
Mon 13 Nov 2017 06:31:00 PM EST:["s:on_text_document_did_save()",3]
Mon 13 Nov 2017 06:31:10 PM EST:["s:on_text_document_did_change()",3]
Mon 13 Nov 2017 06:31:12 PM EST:["s:on_text_document_did_save()",3]
Mon 13 Nov 2017 06:31:20 PM EST:["s:on_text_document_did_close()",3]
Mon 13 Nov 2017 06:31:20 PM EST:["s:on_text_document_did_open()",2,"html","/home/alex/dev/web/spa","file:///home/alex/dev/web/spa/index.html"]
Mon 13 Nov 2017 06:31:41 PM EST:["s:on_text_document_did_change()",2]
Mon 13 Nov 2017 06:31:52 PM EST:["s:on_text_document_did_change()",2]
Mon 13 Nov 2017 06:32:00 PM EST:["s:on_text_document_did_change()",2]
Mon 13 Nov 2017 06:32:01 PM EST:["s:on_text_document_did_save()",2]
Mon 13 Nov 2017 06:32:29 PM EST:["s:on_text_document_did_change()",2]
Mon 13 Nov 2017 06:32:29 PM EST:["s:on_text_document_did_save()",2]
Mon 13 Nov 2017 06:32:33 PM EST:["s:on_text_document_did_close()",2]
Mon 13 Nov 2017 06:33:03 PM EST:["s:on_text_document_did_change()",4]
Mon 13 Nov 2017 06:33:35 PM EST:["s:on_text_document_did_change()",4]
Mon 13 Nov 2017 06:33:52 PM EST:["s:on_text_document_did_change()",4]
Mon 13 Nov 2017 06:33:53 PM EST:["s:on_text_document_did_save()",4]
Mon 13 Nov 2017 06:34:16 PM EST:["s:on_text_document_did_close()",4]
Mon 13 Nov 2017 06:34:16 PM EST:["s:on_text_document_did_open()",1,"json","/home/alex/dev/web/spa","file:///home/alex/dev/web/spa/package.json"]
Mon 13 Nov 2017 06:34:17 PM EST:["s:on_text_document_did_close()",1]
Mon 13 Nov 2017 06:34:17 PM EST:["s:on_text_document_did_open()",2,"html","/home/alex/dev/web/spa","file:///home/alex/dev/web/spa/index.html"]
Mon 13 Nov 2017 06:34:34 PM EST:["s:on_text_document_did_change()",2]
Mon 13 Nov 2017 06:34:35 PM EST:["s:on_text_document_did_save()",2]
Mon 13 Nov 2017 06:34:39 PM EST:["s:on_text_document_did_change()",2]
Mon 13 Nov 2017 06:34:39 PM EST:["s:on_text_document_did_save()",2]
Mon 13 Nov 2017 06:34:50 PM EST:["s:on_text_document_did_close()",2]
Mon 13 Nov 2017 06:34:50 PM EST:["s:on_text_document_did_open()",3,"css","/home/alex/dev/web/spa","file:///home/alex/dev/web/spa/spa.css"]
Mon 13 Nov 2017 06:36:06 PM EST:["s:on_text_document_did_change()",3]
Mon 13 Nov 2017 06:36:08 PM EST:["s:on_text_document_did_save()",3]
Mon 13 Nov 2017 06:36:24 PM EST:["s:on_text_document_did_close()",3]
Mon 13 Nov 2017 06:36:24 PM EST:["s:on_text_document_did_open()",4,"javascript","/home/alex/dev/web/spa","file:///home/alex/dev/web/spa/spa.js"]
Mon 13 Nov 2017 06:36:29 PM EST:["s:on_text_document_did_change()",4]
Mon 13 Nov 2017 06:36:30 PM EST:["s:on_text_document_did_save()",4]
Mon 13 Nov 2017 06:36:47 PM EST:["s:on_text_document_did_change()",4]
Mon 13 Nov 2017 06:36:53 PM EST:["s:on_text_document_did_change()",4]
Mon 13 Nov 2017 06:37:00 PM EST:["s:on_text_document_did_save()",4]
Mon 13 Nov 2017 06:37:34 PM EST:["s:on_text_document_did_change()",4]
Mon 13 Nov 2017 06:37:35 PM EST:["s:on_text_document_did_close()",4]
Mon 13 Nov 2017 06:37:35 PM EST:["s:on_text_document_did_open()",3,"css","/home/alex/dev/web/spa","file:///home/alex/dev/web/spa/spa.css"]
Mon 13 Nov 2017 06:37:44 PM EST:["s:on_text_document_did_change()",3]
Mon 13 Nov 2017 06:37:44 PM EST:["s:on_text_document_did_save()",3]
Mon 13 Nov 2017 06:38:10 PM EST:["s:on_text_document_did_save()",3]
Mon 13 Nov 2017 06:38:16 PM EST:["s:on_text_document_did_save()",3]
Mon 13 Nov 2017 06:38:27 PM EST:["s:on_text_document_did_change()",3]
Mon 13 Nov 2017 06:38:28 PM EST:["s:on_text_document_did_change()",3]
Mon 13 Nov 2017 06:38:37 PM EST:["s:on_text_document_did_change()",3]
Mon 13 Nov 2017 06:38:37 PM EST:["s:on_text_document_did_save()",3]
Mon 13 Nov 2017 06:39:55 PM EST:["s:on_text_document_did_close()",3]
Mon 13 Nov 2017 06:39:55 PM EST:["s:on_text_document_did_open()",2,"html","/home/alex/dev/web/spa","file:///home/alex/dev/web/spa/index.html"]
Mon 13 Nov 2017 06:39:55 PM EST:["s:on_text_document_did_close()",2]
Mon 13 Nov 2017 06:39:55 PM EST:["s:on_text_document_did_open()",3,"css","/home/alex/dev/web/spa","file:///home/alex/dev/web/spa/spa.css"]
Mon 13 Nov 2017 06:39:56 PM EST:["s:on_text_document_did_close()",3]
Mon 13 Nov 2017 06:39:56 PM EST:["s:on_text_document_did_open()",4,"javascript","/home/alex/dev/web/spa","file:///home/alex/dev/web/spa/spa.js"]
Mon 13 Nov 2017 06:40:00 PM EST:["s:on_text_document_did_change()",4]
Mon 13 Nov 2017 06:40:01 PM EST:["s:on_text_document_did_save()",4]
Mon 13 Nov 2017 06:40:03 PM EST:["s:on_text_document_did_change()",4]
Mon 13 Nov 2017 06:40:04 PM EST:["s:on_text_document_did_save()",4]
Mon 13 Nov 2017 06:40:19 PM EST:["s:on_text_document_did_change()",4]
Mon 13 Nov 2017 06:40:48 PM EST:["s:on_text_document_did_save()",4]
Mon 13 Nov 2017 06:41:17 PM EST:["s:on_text_document_did_change()",4]
Mon 13 Nov 2017 06:41:27 PM EST:["s:on_text_document_did_change()",4]
Mon 13 Nov 2017 06:41:29 PM EST:["s:on_text_document_did_change()",4]
Mon 13 Nov 2017 06:41:29 PM EST:["s:on_text_document_did_save()",4]
Mon 13 Nov 2017 06:41:32 PM EST:["s:on_text_document_did_change()",4]
Mon 13 Nov 2017 06:41:32 PM EST:["s:on_text_document_did_save()",4]
Mon 13 Nov 2017 06:41:38 PM EST:["s:on_text_document_did_save()",4]
Mon 13 Nov 2017 06:41:50 PM EST:["s:on_text_document_did_save()",4]
Mon 13 Nov 2017 06:41:53 PM EST:["s:on_text_document_did_save()",4]
Mon 13 Nov 2017 06:42:08 PM EST:["s:on_text_document_did_change()",4]
Mon 13 Nov 2017 06:42:12 PM EST:["s:on_text_document_did_save()",4]
Mon 13 Nov 2017 06:44:20 PM EST:["s:on_text_document_did_change()",4]
Mon 13 Nov 2017 06:44:22 PM EST:["s:on_text_document_did_save()",4]
Mon 13 Nov 2017 07:01:58 PM EST:["s:on_text_document_did_close()",4]
Mon 13 Nov 2017 07:01:58 PM EST:["s:on_text_document_did_open()",1,"json","/home/alex/dev/web/spa","file:///home/alex/dev/web/spa/package.json"]
Mon 13 Nov 2017 07:01:58 PM EST:["s:on_text_document_did_close()",1]
Mon 13 Nov 2017 07:01:58 PM EST:["s:on_text_document_did_open()",2,"html","/home/alex/dev/web/spa","file:///home/alex/dev/web/spa/index.html"]
Mon 13 Nov 2017 07:02:08 PM EST:["s:on_text_document_did_close()",2]
Mon 13 Nov 2017 07:02:08 PM EST:["s:on_text_document_did_open()",4,"javascript","/home/alex/dev/web/spa","file:///home/alex/dev/web/spa/spa.js"]
Mon 13 Nov 2017 07:02:26 PM EST:["s:on_text_document_did_change()",4]
Mon 13 Nov 2017 07:02:26 PM EST:["s:on_text_document_did_save()",4]
Mon 13 Nov 2017 07:02:53 PM EST:["s:on_text_document_did_change()",4]
Mon 13 Nov 2017 07:02:58 PM EST:["s:on_text_document_did_change()",4]
Mon 13 Nov 2017 07:02:58 PM EST:["s:on_text_document_did_save()",4]
Mon 13 Nov 2017 07:05:05 PM EST:["s:on_text_document_did_save()",4]
Mon 13 Nov 2017 07:07:14 PM EST:["s:on_text_document_did_close()",4]
Mon 13 Nov 2017 07:07:14 PM EST:["s:on_text_document_did_open()",3,"css","/home/alex/dev/web/spa","file:///home/alex/dev/web/spa/spa.css"]
Mon 13 Nov 2017 07:07:30 PM EST:["s:on_text_document_did_change()",3]
Mon 13 Nov 2017 07:07:31 PM EST:["s:on_text_document_did_change()",3]
Mon 13 Nov 2017 07:07:31 PM EST:["s:on_text_document_did_save()",3]
Mon 13 Nov 2017 07:07:32 PM EST:["s:on_text_document_did_change()",3]
Mon 13 Nov 2017 07:07:32 PM EST:["s:on_text_document_did_save()",3]
Mon 13 Nov 2017 07:07:33 PM EST:["s:on_text_document_did_close()",3]
Mon 13 Nov 2017 07:07:34 PM EST:["s:on_text_document_did_open()",2,"html","/home/alex/dev/web/spa","file:///home/alex/dev/web/spa/index.html"]
Mon 13 Nov 2017 07:07:41 PM EST:["s:on_text_document_did_change()",2]
Mon 13 Nov 2017 07:07:46 PM EST:["s:on_text_document_did_change()",2]
Mon 13 Nov 2017 07:07:47 PM EST:["s:on_text_document_did_save()",2]
Mon 13 Nov 2017 07:07:49 PM EST:["s:on_text_document_did_save()",2]
Mon 13 Nov 2017 07:07:55 PM EST:["s:on_text_document_did_close()",2]
Mon 13 Nov 2017 07:07:55 PM EST:["s:on_text_document_did_open()",1,"json","/home/alex/dev/web/spa","file:///home/alex/dev/web/spa/package.json"]
Mon 13 Nov 2017 07:07:56 PM EST:["s:on_text_document_did_close()",1]
Mon 13 Nov 2017 07:07:56 PM EST:["s:on_text_document_did_open()",4,"javascript","/home/alex/dev/web/spa","file:///home/alex/dev/web/spa/spa.js"]
Mon 13 Nov 2017 07:08:11 PM EST:["s:on_text_document_did_change()",4]
Mon 13 Nov 2017 07:08:11 PM EST:["s:on_text_document_did_save()",4]
Mon 13 Nov 2017 07:08:37 PM EST:["s:on_text_document_did_change()",4]
Mon 13 Nov 2017 07:08:38 PM EST:["s:on_text_document_did_save()",4]
Mon 13 Nov 2017 07:10:32 PM EST:["s:on_text_document_did_save()",4]
Mon 13 Nov 2017 07:10:43 PM EST:["s:on_text_document_did_save()",4]
Mon 13 Nov 2017 07:13:41 PM EST:["s:on_text_document_did_change()",4]
Mon 13 Nov 2017 07:13:43 PM EST:["s:on_text_document_did_change()",4]
Mon 13 Nov 2017 07:13:43 PM EST:["s:on_text_document_did_save()",4]
Mon 13 Nov 2017 07:13:50 PM EST:["s:on_text_document_did_save()",4]
Mon 13 Nov 2017 07:14:55 PM EST:["s:on_text_document_did_change()",4]
Mon 13 Nov 2017 07:15:12 PM EST:["s:on_text_document_did_change()",4]
Mon 13 Nov 2017 07:15:12 PM EST:["s:on_text_document_did_save()",4]
Mon 13 Nov 2017 07:15:16 PM EST:["s:on_text_document_did_change()",4]
Mon 13 Nov 2017 07:15:27 PM EST:["s:on_text_document_did_change()",4]
Mon 13 Nov 2017 07:15:27 PM EST:["s:on_text_document_did_save()",4]
Mon 13 Nov 2017 07:15:37 PM EST:["s:on_text_document_did_change()",4]
Mon 13 Nov 2017 07:15:37 PM EST:["s:on_text_document_did_save()",4]
Mon 13 Nov 2017 07:16:10 PM EST:["s:on_text_document_did_change()",4]
Mon 13 Nov 2017 07:16:11 PM EST:["s:on_text_document_did_save()",4]
Mon 13 Nov 2017 07:28:42 PM EST:["s:on_text_document_did_change()",4]
Mon 13 Nov 2017 07:28:42 PM EST:["s:on_text_document_did_save()",4]
Mon 13 Nov 2017 07:30:08 PM EST:["s:on_text_document_did_close()",4]
Mon 13 Nov 2017 07:30:08 PM EST:["s:on_text_document_did_open()",2,"html","/home/alex/dev/web/spa","file:///home/alex/dev/web/spa/index.html"]
Mon 13 Nov 2017 07:30:25 PM EST:["s:on_text_document_did_change()",2]
Mon 13 Nov 2017 07:30:25 PM EST:["s:on_text_document_did_save()",2]
Mon 13 Nov 2017 07:30:31 PM EST:["s:on_text_document_did_close()",2]
Mon 13 Nov 2017 07:30:31 PM EST:["s:on_text_document_did_open()",4,"javascript","/home/alex/dev/web/spa","file:///home/alex/dev/web/spa/spa.js"]
Mon 13 Nov 2017 07:36:15 PM EST:["s:on_text_document_did_change()",4]
Mon 13 Nov 2017 07:36:30 PM EST:["s:on_text_document_did_change()",4]
Mon 13 Nov 2017 07:37:00 PM EST:["s:on_text_document_did_change()",4]
Mon 13 Nov 2017 07:37:19 PM EST:["s:on_text_document_did_change()",4]
Mon 13 Nov 2017 07:37:37 PM EST:["s:on_text_document_did_change()",4]
Mon 13 Nov 2017 07:38:01 PM EST:["s:on_text_document_did_change()",4]
Mon 13 Nov 2017 07:38:02 PM EST:["s:on_text_document_did_save()",4]
Mon 13 Nov 2017 07:38:26 PM EST:["s:on_text_document_did_change()",4]
Mon 13 Nov 2017 07:38:27 PM EST:["s:on_text_document_did_save()",4]
Mon 13 Nov 2017 07:38:40 PM EST:["s:on_text_document_did_change()",4]
Mon 13 Nov 2017 07:38:40 PM EST:["s:on_text_document_did_save()",4]
Mon 13 Nov 2017 07:38:58 PM EST:["s:on_text_document_did_change()",4]
Mon 13 Nov 2017 07:38:59 PM EST:["s:on_text_document_did_save()",4]
Mon 13 Nov 2017 07:39:18 PM EST:["s:on_text_document_did_change()",4]
Mon 13 Nov 2017 07:39:18 PM EST:["s:on_text_document_did_save()",4]
Mon 13 Nov 2017 07:39:22 PM EST:["s:on_text_document_did_change()",4]
Mon 13 Nov 2017 07:39:26 PM EST:["s:on_text_document_did_change()",4]
Mon 13 Nov 2017 07:39:28 PM EST:["s:on_text_document_did_change()",4]
Mon 13 Nov 2017 07:39:28 PM EST:["s:on_text_document_did_save()",4]
Mon 13 Nov 2017 07:39:47 PM EST:["s:on_text_document_did_change()",4]
Mon 13 Nov 2017 07:39:48 PM EST:["s:on_text_document_did_save()",4]
Mon 13 Nov 2017 07:40:15 PM EST:["s:on_text_document_did_change()",4]
Mon 13 Nov 2017 07:40:15 PM EST:["s:on_text_document_did_save()",4]
Mon 13 Nov 2017 07:40:56 PM EST:["s:on_text_document_did_change()",4]
Mon 13 Nov 2017 07:40:56 PM EST:["s:on_text_document_did_save()",4]
Mon 13 Nov 2017 07:41:10 PM EST:["s:on_text_document_did_change()",4]
Mon 13 Nov 2017 07:41:43 PM EST:["s:on_text_document_did_change()",4]
Mon 13 Nov 2017 07:41:44 PM EST:["s:on_text_document_did_save()",4]
Mon 13 Nov 2017 07:41:51 PM EST:["s:on_text_document_did_change()",4]
Mon 13 Nov 2017 07:41:51 PM EST:["s:on_text_document_did_save()",4]
Mon 13 Nov 2017 07:42:00 PM EST:["s:on_text_document_did_change()",4]
Mon 13 Nov 2017 07:42:01 PM EST:["s:on_text_document_did_save()",4]
Mon 13 Nov 2017 07:42:46 PM EST:["s:on_text_document_did_change()",4]
Mon 13 Nov 2017 07:42:46 PM EST:["s:on_text_document_did_save()",4]
Mon 13 Nov 2017 07:44:16 PM EST:["s:on_text_document_did_change()",4]
Mon 13 Nov 2017 07:44:20 PM EST:["s:on_text_document_did_change()",4]
Mon 13 Nov 2017 07:44:20 PM EST:["s:on_text_document_did_save()",4]
Mon 13 Nov 2017 07:44:29 PM EST:["s:on_text_document_did_change()",4]
Mon 13 Nov 2017 07:44:42 PM EST:["s:on_text_document_did_change()",4]
Mon 13 Nov 2017 07:44:46 PM EST:["s:on_text_document_did_change()",4]
Mon 13 Nov 2017 07:45:08 PM EST:["s:on_text_document_did_change()",4]
Mon 13 Nov 2017 07:45:43 PM EST:["s:on_text_document_did_change()",4]
Mon 13 Nov 2017 07:46:04 PM EST:["s:on_text_document_did_change()",4]
Mon 13 Nov 2017 07:46:11 PM EST:["s:on_text_document_did_change()",4]
Mon 13 Nov 2017 07:46:16 PM EST:["s:on_text_document_did_change()",4]
Mon 13 Nov 2017 07:46:18 PM EST:["s:on_text_document_did_save()",4]
Mon 13 Nov 2017 07:46:30 PM EST:["s:on_text_document_did_save()",4]
Mon 13 Nov 2017 07:46:40 PM EST:["s:on_text_document_did_save()",4]
Mon 13 Nov 2017 07:48:46 PM EST:["s:on_text_document_did_change()",4]
Mon 13 Nov 2017 07:48:52 PM EST:["s:on_text_document_did_change()",4]
Mon 13 Nov 2017 07:48:56 PM EST:["s:on_text_document_did_save()",4]
Mon 13 Nov 2017 07:48:58 PM EST:["s:on_text_document_did_change()",4]
Mon 13 Nov 2017 07:48:58 PM EST:["s:on_text_document_did_save()",4]
Mon 13 Nov 2017 07:49:14 PM EST:["s:on_text_document_did_change()",4]
Mon 13 Nov 2017 07:49:21 PM EST:["s:on_text_document_did_change()",4]
Mon 13 Nov 2017 07:49:30 PM EST:["s:on_text_document_did_change()",4]
Mon 13 Nov 2017 07:49:32 PM EST:["s:on_text_document_did_change()",4]
Mon 13 Nov 2017 07:49:32 PM EST:["s:on_text_document_did_save()",4]
Mon 13 Nov 2017 07:49:47 PM EST:["s:on_text_document_did_change()",4]
Mon 13 Nov 2017 07:49:48 PM EST:["s:on_text_document_did_change()",4]
Mon 13 Nov 2017 07:50:08 PM EST:["s:on_text_document_did_change()",4]
Mon 13 Nov 2017 07:50:15 PM EST:["s:on_text_document_did_change()",4]
Mon 13 Nov 2017 07:50:17 PM EST:["s:on_text_document_did_change()",4]
Mon 13 Nov 2017 07:50:17 PM EST:["s:on_text_document_did_save()",4]
Mon 13 Nov 2017 07:50:32 PM EST:["s:on_text_document_did_save()",4]
Mon 13 Nov 2017 07:50:39 PM EST:["s:on_text_document_did_change()",4]
Mon 13 Nov 2017 07:50:40 PM EST:["s:on_text_document_did_change()",4]
Mon 13 Nov 2017 07:50:48 PM EST:["s:on_text_document_did_change()",4]
Mon 13 Nov 2017 07:50:49 PM EST:["s:on_text_document_did_save()",4]
Mon 13 Nov 2017 07:51:17 PM EST:["s:on_text_document_did_change()",4]
Mon 13 Nov 2017 07:51:17 PM EST:["s:on_text_document_did_save()",4]
Mon 13 Nov 2017 07:51:32 PM EST:["s:on_text_document_did_save()",4]
Mon 13 Nov 2017 07:52:10 PM EST:["s:on_text_document_did_change()",4]
Mon 13 Nov 2017 07:52:10 PM EST:["s:on_text_document_did_save()",4]
Mon 13 Nov 2017 07:52:24 PM EST:["s:on_text_document_did_change()",4]
Mon 13 Nov 2017 07:52:24 PM EST:["s:on_text_document_did_save()",4]
Mon 13 Nov 2017 07:52:44 PM EST:["s:on_text_document_did_change()",4]
Mon 13 Nov 2017 07:52:59 PM EST:["s:on_text_document_did_change()",4]
Mon 13 Nov 2017 07:52:59 PM EST:["s:on_text_document_did_save()",4]
Mon 13 Nov 2017 07:53:25 PM EST:["s:on_text_document_did_save()",4]
Mon 13 Nov 2017 07:53:27 PM EST:["s:on_text_document_did_save()",4]
Mon 13 Nov 2017 07:53:58 PM EST:["s:on_text_document_did_save()",4]
Mon 13 Nov 2017 07:54:02 PM EST:["s:on_text_document_did_save()",4]
Mon 13 Nov 2017 07:54:19 PM EST:["s:on_text_document_did_change()",4]
Mon 13 Nov 2017 07:54:19 PM EST:["s:on_text_document_did_save()",4]
Mon 13 Nov 2017 07:54:38 PM EST:["s:on_text_document_did_change()",4]
Mon 13 Nov 2017 07:54:40 PM EST:["s:on_text_document_did_save()",4]
Mon 13 Nov 2017 07:55:30 PM EST:["s:on_text_document_did_change()",4]
Mon 13 Nov 2017 07:55:43 PM EST:["s:on_text_document_did_change()",4]
Mon 13 Nov 2017 07:55:49 PM EST:["s:on_text_document_did_change()",4]
Mon 13 Nov 2017 07:56:30 PM EST:["s:on_text_document_did_change()",4]
Mon 13 Nov 2017 07:56:37 PM EST:["s:on_text_document_did_change()",4]
Mon 13 Nov 2017 07:56:52 PM EST:["s:on_text_document_did_change()",4]
Mon 13 Nov 2017 07:57:04 PM EST:["s:on_text_document_did_change()",4]
Mon 13 Nov 2017 07:57:08 PM EST:["s:on_text_document_did_change()",4]
Mon 13 Nov 2017 07:57:13 PM EST:["s:on_text_document_did_change()",4]
Mon 13 Nov 2017 07:57:13 PM EST:["s:on_text_document_did_save()",4]
Mon 13 Nov 2017 07:57:35 PM EST:["s:on_text_document_did_change()",4]
Mon 13 Nov 2017 07:57:38 PM EST:["s:on_text_document_did_change()",4]
Mon 13 Nov 2017 07:57:41 PM EST:["s:on_text_document_did_save()",4]
Mon 13 Nov 2017 07:57:49 PM EST:["s:on_text_document_did_change()",4]
Mon 13 Nov 2017 07:57:51 PM EST:["s:on_text_document_did_change()",4]
Mon 13 Nov 2017 07:57:51 PM EST:["s:on_text_document_did_save()",4]
Mon 13 Nov 2017 07:57:58 PM EST:["s:on_text_document_did_save()",4]
Mon 13 Nov 2017 07:58:10 PM EST:["s:on_text_document_did_save()",4]
Mon 13 Nov 2017 07:58:45 PM EST:["s:on_text_document_did_change()",4]
Mon 13 Nov 2017 07:58:49 PM EST:["s:on_text_document_did_change()",4]
Mon 13 Nov 2017 07:58:49 PM EST:["s:on_text_document_did_save()",4]
Mon 13 Nov 2017 07:59:29 PM EST:["s:on_text_document_did_change()",4]
Mon 13 Nov 2017 07:59:47 PM EST:["s:on_text_document_did_change()",4]
Mon 13 Nov 2017 08:00:11 PM EST:["s:on_text_document_did_change()",4]
Mon 13 Nov 2017 08:00:27 PM EST:["s:on_text_document_did_change()",4]
Mon 13 Nov 2017 08:00:37 PM EST:["s:on_text_document_did_change()",4]
Mon 13 Nov 2017 08:00:50 PM EST:["s:on_text_document_did_save()",4]
Mon 13 Nov 2017 08:01:12 PM EST:["s:on_text_document_did_change()",4]
Mon 13 Nov 2017 08:01:23 PM EST:["s:on_text_document_did_change()",4]
Mon 13 Nov 2017 08:01:36 PM EST:["s:on_text_document_did_change()",4]
Mon 13 Nov 2017 08:01:47 PM EST:["s:on_text_document_did_change()",4]
Mon 13 Nov 2017 08:01:52 PM EST:["s:on_text_document_did_change()",4]
Mon 13 Nov 2017 08:01:57 PM EST:["s:on_text_document_did_change()",4]
Mon 13 Nov 2017 08:02:15 PM EST:["s:on_text_document_did_save()",4]
Mon 13 Nov 2017 08:02:23 PM EST:["s:on_text_document_did_change()",4]
Mon 13 Nov 2017 08:02:23 PM EST:["s:on_text_document_did_save()",4]
Mon 13 Nov 2017 08:02:41 PM EST:["s:on_text_document_did_change()",4]
Mon 13 Nov 2017 08:02:49 PM EST:["s:on_text_document_did_change()",4]
Mon 13 Nov 2017 08:03:03 PM EST:["s:on_text_document_did_change()",4]
Mon 13 Nov 2017 08:03:19 PM EST:["s:on_text_document_did_change()",4]
Mon 13 Nov 2017 08:03:19 PM EST:["s:on_text_document_did_save()",4]
Mon 13 Nov 2017 08:05:07 PM EST:["s:on_text_document_did_change()",4]
Mon 13 Nov 2017 08:05:22 PM EST:["s:on_text_document_did_change()",4]
Mon 13 Nov 2017 08:05:22 PM EST:["s:on_text_document_did_save()",4]
Mon 13 Nov 2017 08:05:31 PM EST:["s:on_text_document_did_save()",4]
Mon 13 Nov 2017 08:06:27 PM EST:["s:on_text_document_did_change()",4]
Mon 13 Nov 2017 08:06:27 PM EST:["s:on_text_document_did_save()",4]
Mon 13 Nov 2017 08:07:17 PM EST:["s:on_text_document_did_change()",4]
Mon 13 Nov 2017 08:07:17 PM EST:["s:on_text_document_did_save()",4]
Wed 15 Nov 2017 08:24:11 AM EST:["s:on_text_document_did_close()",4]
Wed 15 Nov 2017 08:24:41 AM EST:["s:on_text_document_did_close()",4]
Wed 15 Nov 2017 08:24:41 AM EST:["s:on_text_document_did_open()",1,"json","/home/alex/dev/web/flow","file:///home/alex/dev/web/flow/package.json"]
Wed 15 Nov 2017 08:24:41 AM EST:["s:on_text_document_did_close()",1]
Wed 15 Nov 2017 08:24:41 AM EST:["s:on_text_document_did_open()",2,"vim","/home/alex/dev/web/flow","file:///home/alex/dotfiles/.vim/plugins.vim"]
Wed 15 Nov 2017 08:24:42 AM EST:["s:on_text_document_did_close()",2]
Wed 15 Nov 2017 08:24:42 AM EST:["s:on_text_document_did_open()",3,"vim","/home/alex/dev/web/flow","file:///home/alex/.vimrc"]
Wed 15 Nov 2017 08:24:45 AM EST:["s:on_text_document_did_close()",3]
